<?xml version="1.0" encoding="UTF-8"?>
<!-- Generated by org.testng.reporters.JUnitReportReporter -->
<testsuite skipped="0" hostname="TekArch" name="tests.LoginTest" tests="1" failures="0" timestamp="03 Jan 2023 17:51:36 GMT" time="13.355" errors="0">
  <testcase name="loginErrorMsg_TC01" time="13.355" classname="tests.LoginTest"/>
</testsuite> <!-- tests.LoginTest -->
