<?xml version="1.0" encoding="UTF-8"?>
<!-- Generated by org.testng.reporters.JUnitReportReporter -->
<testsuite skipped="0" hostname="TekArch" name="tests.LoginTest" tests="1" failures="0" timestamp="03 Jan 2023 19:16:46 GMT" time="41.170" errors="0">
  <testcase name="tableHandling" time="41.170" classname="tests.LoginTest"/>
</testsuite> <!-- tests.LoginTest -->
