<?xml version="1.0" encoding="UTF-8"?>
<!-- Generated by org.testng.reporters.JUnitReportReporter -->
<testsuite skipped="0" hostname="TekArch" name="tests.UserMenuTest" tests="1" failures="0" timestamp="26 Dec 2022 16:10:26 GMT" time="65.622" errors="0">
  <testcase name="myProfile_TC06" time="65.622" classname="tests.UserMenuTest"/>
</testsuite> <!-- tests.UserMenuTest -->
