<?xml version="1.0" encoding="UTF-8"?>
<!-- Generated by org.testng.reporters.JUnitReportReporter -->
<testsuite skipped="0" hostname="TekArch" name="tests.UserMenuTest" tests="1" failures="0" timestamp="26 Dec 2022 11:39:50 GMT" time="61.761" errors="0">
  <testcase name="myProfile_TC06" time="61.761" classname="tests.UserMenuTest"/>
</testsuite> <!-- tests.UserMenuTest -->
