<?xml version="1.0" encoding="UTF-8"?>
<!-- Generated by org.testng.reporters.JUnitReportReporter -->
<testsuite skipped="0" hostname="TekArch" name="tests.UserMenuTest" tests="1" failures="0" timestamp="04 Jan 2023 18:24:07 GMT" time="80.148" errors="0">
  <testcase name="myProfile_TC06" time="80.148" classname="tests.UserMenuTest"/>
</testsuite> <!-- tests.UserMenuTest -->
